  GraphBuilder.cpp
  Window.cpp
C:\Works\C++_Works\Files\GraphBuilder\GraphBuilder\Window.cpp(48,38): warning C4244: аргумент: преобразование "double" в "float", возможна потеря данных
C:\Works\C++_Works\Files\GraphBuilder\GraphBuilder\Window.cpp(48,55): warning C4244: аргумент: преобразование "double" в "float", возможна потеря данных
C:\Program Files\Microsoft Visual Studio\2022\Community\VC\Tools\MSVC\14.36.32532\include\utility(275,16): warning C4244: инициализация: преобразование "_Ty" в "_Ty1", возможна потеря данных
          with
          [
              _Ty=int
          ]
          and
          [
              _Ty1=float
          ]
C:\Works\C++_Works\Files\GraphBuilder\GraphBuilder\Window.cpp(55,31): message : выполняется компиляция ссылки на экземпляр шаблон функции "std::pair<float,float>::pair<int,float,0>(std::pair<int,float> &&) noexcept"
C:\Works\C++_Works\Files\GraphBuilder\GraphBuilder\Window.cpp(55,21): message : см. первую ссылку на "std::pair<float,float>::pair" в "Window::addLine"
C:\Program Files\Microsoft Visual Studio\2022\Community\VC\Tools\MSVC\14.36.32532\include\utility(275,61): warning C4244: инициализация: преобразование "_Ty" в "_Ty2", возможна потеря данных
          with
          [
              _Ty=int
          ]
          and
          [
              _Ty2=float
          ]
C:\Works\C++_Works\Files\GraphBuilder\GraphBuilder\Window.cpp(61,31): message : выполняется компиляция ссылки на экземпляр шаблон функции "std::pair<float,float>::pair<float,int,0>(std::pair<float,int> &&) noexcept"
C:\Works\C++_Works\Files\GraphBuilder\GraphBuilder\Window.cpp(61,21): message : см. первую ссылку на "std::pair<float,float>::pair" в "Window::addLine"
  Создание кода...
  Equation.obj : обнаружен модуль MSIL; для MSIL последовательная компоновка отключена; выполняется полная компоновка
  GraphBuilder.vcxproj -> C:\Works\C++_Works\Files\GraphBuilder\x64\Debug\GraphBuilder.exe
